<?xml version="1.0" encoding="UTF-8"?><testrun name="Myrunner" project="cucudemo" tests="1" started="1" failures="0" errors="1" ignored="0">
  <testsuite name="gowthami_runners.Myrunner" time="0.015">
    <testcase name="initializationError" classname="gowthami_runners.Myrunner" time="0.015">
      <error>cucumber.runtime.filter.TagExpressionOld$BadTagException: Bad tag: "not@Sanity"&#13;
	at cucumber.runtime.filter.TagExpressionOld$TagExp.&lt;init&gt;(TagExpressionOld.java:140)&#13;
	at cucumber.runtime.filter.TagExpressionOld.add(TagExpressionOld.java:75)&#13;
	at cucumber.runtime.filter.TagExpressionOld.&lt;init&gt;(TagExpressionOld.java:35)&#13;
	at cucumber.runtime.filter.TagPredicate.&lt;init&gt;(TagPredicate.java:26)&#13;
	at cucumber.runtime.filter.Filters.&lt;init&gt;(Filters.java:24)&#13;
	at io.cucumber.junit.Cucumber.&lt;init&gt;(Cucumber.java:121)&#13;
	at sun.reflect.NativeConstructorAccessorImpl.newInstance0(Native Method)&#13;
	at sun.reflect.NativeConstructorAccessorImpl.newInstance(NativeConstructorAccessorImpl.java:62)&#13;
	at sun.reflect.DelegatingConstructorAccessorImpl.newInstance(DelegatingConstructorAccessorImpl.java:45)&#13;
	at java.lang.reflect.Constructor.newInstance(Constructor.java:423)&#13;
	at org.junit.internal.builders.AnnotatedBuilder.buildRunner(AnnotatedBuilder.java:104)&#13;
	at org.junit.internal.builders.AnnotatedBuilder.runnerForClass(AnnotatedBuilder.java:86)&#13;
	at org.junit.runners.model.RunnerBuilder.safeRunnerForClass(RunnerBuilder.java:59)&#13;
	at org.junit.internal.builders.AllDefaultPossibilitiesBuilder.runnerForClass(AllDefaultPossibilitiesBuilder.java:26)&#13;
	at org.junit.runners.model.RunnerBuilder.safeRunnerForClass(RunnerBuilder.java:59)&#13;
	at org.junit.internal.requests.ClassRequest.getRunner(ClassRequest.java:33)&#13;
	at org.eclipse.jdt.internal.junit4.runner.JUnit4TestLoader.createUnfilteredTest(JUnit4TestLoader.java:87)&#13;
	at org.eclipse.jdt.internal.junit4.runner.JUnit4TestLoader.createTest(JUnit4TestLoader.java:73)&#13;
	at org.eclipse.jdt.internal.junit4.runner.JUnit4TestLoader.loadTests(JUnit4TestLoader.java:46)&#13;
	at org.eclipse.jdt.internal.junit.runner.RemoteTestRunner.runTests(RemoteTestRunner.java:522)&#13;
	at org.eclipse.jdt.internal.junit.runner.RemoteTestRunner.runTests(RemoteTestRunner.java:760)&#13;
	at org.eclipse.jdt.internal.junit.runner.RemoteTestRunner.run(RemoteTestRunner.java:460)&#13;
	at org.eclipse.jdt.internal.junit.runner.RemoteTestRunner.main(RemoteTestRunner.java:206)&#13;
&#13;
</error>
    </testcase>
  </testsuite>
</testrun>
